Build started 4/11/2014 7:11:15 PM.
     1>Project "E:\task3_7\task3_7\task3_7.vcxproj" on node 2 (Build target(s)).
     1>ClCompile:
         C:\Program Files (x86)\Microsoft Visual Studio 12.0\VC\bin\CL.exe /c /ZI /nologo /W3 /WX- /sdl /Od /Oy- /D WIN32 /D _DEBUG /D _CONSOLE /D _LIB /D _UNICODE /D UNICODE /Gm /EHsc /RTC1 /MDd /GS /fp:precise /Zc:wchar_t /Zc:forScope /Yu"stdafx.h" /Fp"Debug\task3_7.pch" /Fo"Debug\\" /Fd"Debug\vc120.pdb" /Gd /TP /analyze- /errorReport:prompt functions.cpp task3_7.cpp
         task3_7.cpp
     1>e:\task3_7\task3_7\task3_7.cpp(16): warning C4651: '/D_CRT_SECURE_NO_WARNINGS' specified for precompiled header but not for current compile
         Generating Code...
         Compiling...
         functions.cpp
     1>e:\task3_7\task3_7\functions.cpp(7): warning C4651: '/D_CRT_SECURE_NO_WARNINGS' specified for precompiled header but not for current compile
     1>e:\task3_7\task3_7\functions.cpp(111): warning C4101: 'copy' : unreferenced local variable
         Generating Code...
       Link:
         C:\Program Files (x86)\Microsoft Visual Studio 12.0\VC\bin\link.exe /ERRORREPORT:PROMPT /OUT:"E:\task3_7\Debug\task3_7.exe" /INCREMENTAL /NOLOGO kernel32.lib user32.lib gdi32.lib winspool.lib comdlg32.lib advapi32.lib shell32.lib ole32.lib oleaut32.lib uuid.lib odbc32.lib odbccp32.lib /MANIFEST /MANIFESTUAC:"level='asInvoker' uiAccess='false'" /manifest:embed /DEBUG /PDB:"E:\task3_7\Debug\task3_7.pdb" /SUBSYSTEM:CONSOLE /TLBID:1 /DYNAMICBASE /NXCOMPAT /IMPLIB:"E:\task3_7\Debug\task3_7.lib" /MACHINE:X86 Debug\functions.obj
         Debug\stdafx.obj
         Debug\task3_7.obj
         stringlib.lib
         task3_7.vcxproj -> E:\task3_7\Debug\task3_7.exe
     1>Done Building Project "E:\task3_7\task3_7\task3_7.vcxproj" (Build target(s)).

Build succeeded.

Time Elapsed 00:00:00.58
